<?xml version="1.0" encoding="UTF-8"?>
<testng-results skipped="0" failed="0" ignored="0" total="1" passed="1">
  <reporter-output>
  </reporter-output>
  <suite name="Default suite" duration-ms="23719" started-at="2020-08-21T08:01:37 IST" finished-at="2020-08-21T08:02:01 IST">
    <groups>
    </groups>
    <test name="Default test" duration-ms="23719" started-at="2020-08-21T08:01:37 IST" finished-at="2020-08-21T08:02:01 IST">
      <class name="MvnPack2.Repo_Demo">
        <test-method status="PASS" signature="testOmayo()[pri:0, instance:MvnPack2.Repo_Demo@1be0360]" name="testOmayo" duration-ms="22615" started-at="2020-08-21T08:01:37 IST" finished-at="2020-08-21T08:02:00 IST">
          <reporter-output>
          </reporter-output>
        </test-method> <!-- testOmayo -->
        <test-method status="PASS" signature="testClosure()[pri:0, instance:MvnPack2.Repo_Demo@1be0360]" name="testClosure" is-config="true" duration-ms="948" started-at="2020-08-21T08:02:00 IST" finished-at="2020-08-21T08:02:01 IST">
          <reporter-output>
          </reporter-output>
        </test-method> <!-- testClosure -->
      </class> <!-- MvnPack2.Repo_Demo -->
    </test> <!-- Default test -->
  </suite> <!-- Default suite -->
</testng-results>
